CRITICAL - 2023-06-16 11:03:17 --> Class "Config\App\Filters\Auth" not found
in SYSTEMPATH\Filters\Filters.php on line 166.
 1 SYSTEMPATH\CodeIgniter.php(473): CodeIgniter\Filters\Filters->run('admin/artikel', 'before')
 2 SYSTEMPATH\CodeIgniter.php(368): CodeIgniter\CodeIgniter->handleRequest(null, Object(Config\Cache), false)
 3 FCPATH\index.php(67): CodeIgniter\CodeIgniter->run()
CRITICAL - 2023-06-16 11:04:06 --> Class "Config\App\Filters\Auth" not found
in SYSTEMPATH\Filters\Filters.php on line 166.
 1 SYSTEMPATH\CodeIgniter.php(473): CodeIgniter\Filters\Filters->run('admin/artikel', 'before')
 2 SYSTEMPATH\CodeIgniter.php(368): CodeIgniter\CodeIgniter->handleRequest(null, Object(Config\Cache), false)
 3 FCPATH\index.php(67): CodeIgniter\CodeIgniter->run()
CRITICAL - 2023-06-16 11:12:48 --> Class "Config\App\Filters\Auth" not found
in SYSTEMPATH\Filters\Filters.php on line 166.
 1 SYSTEMPATH\CodeIgniter.php(473): CodeIgniter\Filters\Filters->run('admin/artikel', 'before')
 2 SYSTEMPATH\CodeIgniter.php(368): CodeIgniter\CodeIgniter->handleRequest(null, Object(Config\Cache), false)
 3 FCPATH\index.php(67): CodeIgniter\CodeIgniter->run()
CRITICAL - 2023-06-16 11:14:55 --> Class "Config\App\Filters\Auth" not found
in SYSTEMPATH\Filters\Filters.php on line 166.
 1 SYSTEMPATH\CodeIgniter.php(473): CodeIgniter\Filters\Filters->run('admin/artikel', 'before')
 2 SYSTEMPATH\CodeIgniter.php(368): CodeIgniter\CodeIgniter->handleRequest(null, Object(Config\Cache), false)
 3 FCPATH\index.php(67): CodeIgniter\CodeIgniter->run()
CRITICAL - 2023-06-16 11:15:11 --> Class "Config\App\Filters\Auth" not found
in SYSTEMPATH\Filters\Filters.php on line 166.
 1 SYSTEMPATH\CodeIgniter.php(473): CodeIgniter\Filters\Filters->run('admin/artikel', 'before')
 2 SYSTEMPATH\CodeIgniter.php(368): CodeIgniter\CodeIgniter->handleRequest(null, Object(Config\Cache), false)
 3 FCPATH\index.php(67): CodeIgniter\CodeIgniter->run()
CRITICAL - 2023-06-16 11:58:16 --> Class "Config\App\Filters\Auth" not found
in SYSTEMPATH\Filters\Filters.php on line 166.
 1 SYSTEMPATH\CodeIgniter.php(473): CodeIgniter\Filters\Filters->run('admin/artikel', 'before')
 2 SYSTEMPATH\CodeIgniter.php(368): CodeIgniter\CodeIgniter->handleRequest(null, Object(Config\Cache), false)
 3 FCPATH\index.php(67): CodeIgniter\CodeIgniter->run()
 4 SYSTEMPATH\Commands\Server\rewrite.php(47): require_once('C:\\xampp\\htdocs\\kuliah\\pemrogramanweb2\\lab7_ci\\public\\index.php')
CRITICAL - 2023-06-16 11:58:16 --> Uncaught Error: Class "CodeIgniter\Validation\FormatRules" not found in C:\xampp\htdocs\kuliah\pemrogramanweb2\lab7_ci\system\HTTP\RequestTrait.php:58
Stack trace:
#0 C:\xampp\htdocs\kuliah\pemrogramanweb2\lab7_ci\app\Views\errors\html\error_exception.php(211): CodeIgniter\HTTP\Request->getIPAddress()
#1 C:\xampp\htdocs\kuliah\pemrogramanweb2\lab7_ci\system\Debug\Exceptions.php(282): include('C:\\xampp\\htdocs...')
#2 C:\xampp\htdocs\kuliah\pemrogramanweb2\lab7_ci\system\Debug\Exceptions.php(285): CodeIgniter\Debug\Exceptions->CodeIgniter\Debug\{closure}()
#3 C:\xampp\htdocs\kuliah\pemrogramanweb2\lab7_ci\system\Debug\Exceptions.php(156): CodeIgniter\Debug\Exceptions->render(Object(Error), 500)
#4 [internal function]: CodeIgniter\Debug\Exceptions->exceptionHandler(Object(Error))
#5 {main}
  thrown
【Previous Exception】
Error
Class "Config\App\Filters\Auth" not found
#0 C:\xampp\htdocs\kuliah\pemrogramanweb2\lab7_ci\system\CodeIgniter.php(473): CodeIgniter\Filters\Filters->run('admin/artikel', 'before')
#1 C:\xampp\htdocs\kuliah\pemrogramanweb2\lab7_ci\system\CodeIgniter.php(368): CodeIgniter\CodeIgniter->handleRequest(NULL, Object(Config\Cache), false)
#2 C:\xampp\htdocs\kuliah\pemrogramanweb2\lab7_ci\public\index.php(67): CodeIgniter\CodeIgniter->run()
#3 C:\xampp\htdocs\kuliah\pemrogramanweb2\lab7_ci\system\Commands\Server\rewrite.php(47): require_once('C:\\xampp\\htdocs...')
#4 {main}
in SYSTEMPATH\HTTP\RequestTrait.php on line 58.
 1 [internal function]: CodeIgniter\Debug\Exceptions->shutdownHandler()
CRITICAL - 2023-06-16 11:58:38 --> Class "Config\App\Filters\Auth" not found
in SYSTEMPATH\Filters\Filters.php on line 166.
 1 SYSTEMPATH\CodeIgniter.php(473): CodeIgniter\Filters\Filters->run('admin/artikel', 'before')
 2 SYSTEMPATH\CodeIgniter.php(368): CodeIgniter\CodeIgniter->handleRequest(null, Object(Config\Cache), false)
 3 FCPATH\index.php(67): CodeIgniter\CodeIgniter->run()
 4 SYSTEMPATH\Commands\Server\rewrite.php(47): require_once('C:\\xampp\\htdocs\\kuliah\\pemrogramanweb2\\lab7_ci\\public\\index.php')
CRITICAL - 2023-06-16 11:58:38 --> Uncaught Error: Class "CodeIgniter\Validation\FormatRules" not found in C:\xampp\htdocs\kuliah\pemrogramanweb2\lab7_ci\system\HTTP\RequestTrait.php:58
Stack trace:
#0 C:\xampp\htdocs\kuliah\pemrogramanweb2\lab7_ci\app\Views\errors\html\error_exception.php(211): CodeIgniter\HTTP\Request->getIPAddress()
#1 C:\xampp\htdocs\kuliah\pemrogramanweb2\lab7_ci\system\Debug\Exceptions.php(282): include('C:\\xampp\\htdocs...')
#2 C:\xampp\htdocs\kuliah\pemrogramanweb2\lab7_ci\system\Debug\Exceptions.php(285): CodeIgniter\Debug\Exceptions->CodeIgniter\Debug\{closure}()
#3 C:\xampp\htdocs\kuliah\pemrogramanweb2\lab7_ci\system\Debug\Exceptions.php(156): CodeIgniter\Debug\Exceptions->render(Object(Error), 500)
#4 [internal function]: CodeIgniter\Debug\Exceptions->exceptionHandler(Object(Error))
#5 {main}
  thrown
【Previous Exception】
Error
Class "Config\App\Filters\Auth" not found
#0 C:\xampp\htdocs\kuliah\pemrogramanweb2\lab7_ci\system\CodeIgniter.php(473): CodeIgniter\Filters\Filters->run('admin/artikel', 'before')
#1 C:\xampp\htdocs\kuliah\pemrogramanweb2\lab7_ci\system\CodeIgniter.php(368): CodeIgniter\CodeIgniter->handleRequest(NULL, Object(Config\Cache), false)
#2 C:\xampp\htdocs\kuliah\pemrogramanweb2\lab7_ci\public\index.php(67): CodeIgniter\CodeIgniter->run()
#3 C:\xampp\htdocs\kuliah\pemrogramanweb2\lab7_ci\system\Commands\Server\rewrite.php(47): require_once('C:\\xampp\\htdocs...')
#4 {main}
in SYSTEMPATH\HTTP\RequestTrait.php on line 58.
 1 [internal function]: CodeIgniter\Debug\Exceptions->shutdownHandler()
CRITICAL - 2023-06-16 12:11:06 --> Class "Config\App\Filters\Auth" not found
in SYSTEMPATH\Filters\Filters.php on line 166.
 1 SYSTEMPATH\CodeIgniter.php(473): CodeIgniter\Filters\Filters->run('admin/artikel', 'before')
 2 SYSTEMPATH\CodeIgniter.php(368): CodeIgniter\CodeIgniter->handleRequest(null, Object(Config\Cache), false)
 3 FCPATH\index.php(67): CodeIgniter\CodeIgniter->run()
 4 SYSTEMPATH\Commands\Server\rewrite.php(47): require_once('C:\\xampp\\htdocs\\kuliah\\pemrogramanweb2\\lab7_ci\\public\\index.php')
CRITICAL - 2023-06-16 12:11:06 --> Uncaught Error: Class "CodeIgniter\Validation\FormatRules" not found in C:\xampp\htdocs\kuliah\pemrogramanweb2\lab7_ci\system\HTTP\RequestTrait.php:58
Stack trace:
#0 C:\xampp\htdocs\kuliah\pemrogramanweb2\lab7_ci\app\Views\errors\html\error_exception.php(211): CodeIgniter\HTTP\Request->getIPAddress()
#1 C:\xampp\htdocs\kuliah\pemrogramanweb2\lab7_ci\system\Debug\Exceptions.php(282): include('C:\\xampp\\htdocs...')
#2 C:\xampp\htdocs\kuliah\pemrogramanweb2\lab7_ci\system\Debug\Exceptions.php(285): CodeIgniter\Debug\Exceptions->CodeIgniter\Debug\{closure}()
#3 C:\xampp\htdocs\kuliah\pemrogramanweb2\lab7_ci\system\Debug\Exceptions.php(156): CodeIgniter\Debug\Exceptions->render(Object(Error), 500)
#4 [internal function]: CodeIgniter\Debug\Exceptions->exceptionHandler(Object(Error))
#5 {main}
  thrown
【Previous Exception】
Error
Class "Config\App\Filters\Auth" not found
#0 C:\xampp\htdocs\kuliah\pemrogramanweb2\lab7_ci\system\CodeIgniter.php(473): CodeIgniter\Filters\Filters->run('admin/artikel', 'before')
#1 C:\xampp\htdocs\kuliah\pemrogramanweb2\lab7_ci\system\CodeIgniter.php(368): CodeIgniter\CodeIgniter->handleRequest(NULL, Object(Config\Cache), false)
#2 C:\xampp\htdocs\kuliah\pemrogramanweb2\lab7_ci\public\index.php(67): CodeIgniter\CodeIgniter->run()
#3 C:\xampp\htdocs\kuliah\pemrogramanweb2\lab7_ci\system\Commands\Server\rewrite.php(47): require_once('C:\\xampp\\htdocs...')
#4 {main}
in SYSTEMPATH\HTTP\RequestTrait.php on line 58.
 1 [internal function]: CodeIgniter\Debug\Exceptions->shutdownHandler()
CRITICAL - 2023-06-16 12:36:35 --> Class "Config\App\Filters\Auth" not found
in SYSTEMPATH\Filters\Filters.php on line 166.
 1 SYSTEMPATH\CodeIgniter.php(473): CodeIgniter\Filters\Filters->run('admin/artikel', 'before')
 2 SYSTEMPATH\CodeIgniter.php(368): CodeIgniter\CodeIgniter->handleRequest(null, Object(Config\Cache), false)
 3 FCPATH\index.php(67): CodeIgniter\CodeIgniter->run()
 4 SYSTEMPATH\Commands\Server\rewrite.php(47): require_once('C:\\xampp\\htdocs\\kuliah\\pemrogramanweb2\\lab7_ci\\public\\index.php')
CRITICAL - 2023-06-16 12:36:35 --> Uncaught Error: Class "CodeIgniter\Validation\FormatRules" not found in C:\xampp\htdocs\kuliah\pemrogramanweb2\lab7_ci\system\HTTP\RequestTrait.php:58
Stack trace:
#0 C:\xampp\htdocs\kuliah\pemrogramanweb2\lab7_ci\app\Views\errors\html\error_exception.php(211): CodeIgniter\HTTP\Request->getIPAddress()
#1 C:\xampp\htdocs\kuliah\pemrogramanweb2\lab7_ci\system\Debug\Exceptions.php(282): include('C:\\xampp\\htdocs...')
#2 C:\xampp\htdocs\kuliah\pemrogramanweb2\lab7_ci\system\Debug\Exceptions.php(285): CodeIgniter\Debug\Exceptions->CodeIgniter\Debug\{closure}()
#3 C:\xampp\htdocs\kuliah\pemrogramanweb2\lab7_ci\system\Debug\Exceptions.php(156): CodeIgniter\Debug\Exceptions->render(Object(Error), 500)
#4 [internal function]: CodeIgniter\Debug\Exceptions->exceptionHandler(Object(Error))
#5 {main}
  thrown
【Previous Exception】
Error
Class "Config\App\Filters\Auth" not found
#0 C:\xampp\htdocs\kuliah\pemrogramanweb2\lab7_ci\system\CodeIgniter.php(473): CodeIgniter\Filters\Filters->run('admin/artikel', 'before')
#1 C:\xampp\htdocs\kuliah\pemrogramanweb2\lab7_ci\system\CodeIgniter.php(368): CodeIgniter\CodeIgniter->handleRequest(NULL, Object(Config\Cache), false)
#2 C:\xampp\htdocs\kuliah\pemrogramanweb2\lab7_ci\public\index.php(67): CodeIgniter\CodeIgniter->run()
#3 C:\xampp\htdocs\kuliah\pemrogramanweb2\lab7_ci\system\Commands\Server\rewrite.php(47): require_once('C:\\xampp\\htdocs...')
#4 {main}
in SYSTEMPATH\HTTP\RequestTrait.php on line 58.
 1 [internal function]: CodeIgniter\Debug\Exceptions->shutdownHandler()
CRITICAL - 2023-06-16 12:37:41 --> Class "CodeIgniter\Validation\FormatRules" not found
in SYSTEMPATH\HTTP\RequestTrait.php on line 58.
 1 SYSTEMPATH\Config\Services.php(667): CodeIgniter\HTTP\Request->getIPAddress()
 2 SYSTEMPATH\Config\BaseService.php(252): CodeIgniter\Config\Services::session(Object(Config\App), false)
 3 SYSTEMPATH\Config\BaseService.php(193): CodeIgniter\Config\BaseService::__callStatic('session', [...])
 4 SYSTEMPATH\Config\Services.php(641): CodeIgniter\Config\BaseService::getSharedInstance('session', null)
 5 SYSTEMPATH\Config\BaseService.php(252): CodeIgniter\Config\Services::session()
 6 SYSTEMPATH\Common.php(988): CodeIgniter\Config\BaseService::__callStatic('session', [])
 7 APPPATH\Views\user\login.php(13): session()
 8 SYSTEMPATH\View\View.php(213): include('C:\\xampp\\htdocs\\kuliah\\pemrogramanweb2\\lab7_ci\\app\\Views\\user\\login.php')
 9 SYSTEMPATH\View\View.php(216): CodeIgniter\View\View->CodeIgniter\View\{closure}()
10 SYSTEMPATH\Common.php(1184): CodeIgniter\View\View->render('user/login', [], true)
11 APPPATH\Controllers\User.php(21): view('user/login')
12 SYSTEMPATH\CodeIgniter.php(934): App\Controllers\User->login()
13 SYSTEMPATH\CodeIgniter.php(499): CodeIgniter\CodeIgniter->runController(Object(App\Controllers\User))
14 SYSTEMPATH\CodeIgniter.php(368): CodeIgniter\CodeIgniter->handleRequest(null, Object(Config\Cache), false)
15 FCPATH\index.php(67): CodeIgniter\CodeIgniter->run()
16 SYSTEMPATH\Commands\Server\rewrite.php(47): require_once('C:\\xampp\\htdocs\\kuliah\\pemrogramanweb2\\lab7_ci\\public\\index.php')
CRITICAL - 2023-06-16 12:37:41 --> Uncaught Error: Class "CodeIgniter\Validation\FormatRules" not found in C:\xampp\htdocs\kuliah\pemrogramanweb2\lab7_ci\system\HTTP\RequestTrait.php:58
Stack trace:
#0 C:\xampp\htdocs\kuliah\pemrogramanweb2\lab7_ci\app\Views\errors\html\error_exception.php(211): CodeIgniter\HTTP\Request->getIPAddress()
#1 C:\xampp\htdocs\kuliah\pemrogramanweb2\lab7_ci\system\Debug\Exceptions.php(282): include('C:\\xampp\\htdocs...')
#2 C:\xampp\htdocs\kuliah\pemrogramanweb2\lab7_ci\system\Debug\Exceptions.php(285): CodeIgniter\Debug\Exceptions->CodeIgniter\Debug\{closure}()
#3 C:\xampp\htdocs\kuliah\pemrogramanweb2\lab7_ci\system\Debug\Exceptions.php(156): CodeIgniter\Debug\Exceptions->render(Object(Error), 500)
#4 [internal function]: CodeIgniter\Debug\Exceptions->exceptionHandler(Object(Error))
#5 {main}
  thrown
【Previous Exception】
Error
Class "CodeIgniter\Validation\FormatRules" not found
#0 C:\xampp\htdocs\kuliah\pemrogramanweb2\lab7_ci\system\Config\Services.php(667): CodeIgniter\HTTP\Request->getIPAddress()
#1 C:\xampp\htdocs\kuliah\pemrogramanweb2\lab7_ci\system\Config\BaseService.php(252): CodeIgniter\Config\Services::session(Object(Config\App), false)
#2 C:\xampp\htdocs\kuliah\pemrogramanweb2\lab7_ci\system\Config\BaseService.php(193): CodeIgniter\Config\BaseService::__callStatic('session', Array)
#3 C:\xampp\htdocs\kuliah\pemrogramanweb2\lab7_ci\system\Config\Services.php(641): CodeIgniter\Config\BaseService::getSharedInstance('session', NULL)
#4 C:\xampp\htdocs\kuliah\pemrogramanweb2\lab7_ci\system\Config\BaseService.php(252): CodeIgniter\Config\Services::session()
#5 C:\xampp\htdocs\kuliah\pemrogramanweb2\lab7_ci\system\Common.php(988): CodeIgniter\Config\BaseService::__callStatic('session', Array)
#6 C:\xampp\htdocs\kuliah\pemrogramanweb2\lab7_ci\app\Views\user\login.php(13): session()
#7 C:\xampp\htdocs\kuliah\pemrogramanweb2\lab7_ci\system\View\View.php(213): include('C:\\xampp\\htdocs...')
#8 C:\xampp\htdocs\kuliah\pemrogramanweb2\lab7_ci\system\View\View.php(216): CodeIgniter\View\View->CodeIgniter\View\{closure}()
#9 C:\xampp\htdocs\kuliah\pemrogramanweb2\lab7_ci\system\Common.php(1184): CodeIgniter\View\View->render('user/login', Array, true)
#10 C:\xampp\htdocs\kuliah\pemrogramanweb2\lab7_ci\app\Controllers\User.php(21): view('user/login')
#11 C:\xampp\htdocs\kuliah\pemrogramanweb2\lab7_ci\system\CodeIgniter.php(934): App\Controllers\User->login()
#12 C:\xampp\htdocs\kuliah\pemrogramanweb2\lab7_ci\system\CodeIgniter.php(499): CodeIgniter\CodeIgniter->runController(Object(App\Controllers\User))
#13 C:\xampp\htdocs\kuliah\pemrogramanweb2\lab7_ci\system\CodeIgniter.php(368): CodeIgniter\CodeIgniter->handleRequest(NULL, Object(Config\Cache), false)
#14 C:\xampp\htdocs\kuliah\pemrogramanweb2\lab7_ci\public\index.php(67): CodeIgniter\CodeIgniter->run()
#15 C:\xampp\htdocs\kuliah\pemrogramanweb2\lab7_ci\system\Commands\Server\rewrite.php(47): require_once('C:\\xampp\\htdocs...')
#16 {main}
in SYSTEMPATH\HTTP\RequestTrait.php on line 58.
 1 [internal function]: CodeIgniter\Debug\Exceptions->shutdownHandler()
CRITICAL - 2023-06-16 12:37:46 --> Class "CodeIgniter\Validation\FormatRules" not found
in SYSTEMPATH\HTTP\RequestTrait.php on line 58.
 1 SYSTEMPATH\Config\Services.php(667): CodeIgniter\HTTP\Request->getIPAddress()
 2 SYSTEMPATH\Config\BaseService.php(252): CodeIgniter\Config\Services::session(Object(Config\App), false)
 3 SYSTEMPATH\Config\BaseService.php(193): CodeIgniter\Config\BaseService::__callStatic('session', [...])
 4 SYSTEMPATH\Config\Services.php(641): CodeIgniter\Config\BaseService::getSharedInstance('session', null)
 5 SYSTEMPATH\Config\BaseService.php(252): CodeIgniter\Config\Services::session()
 6 SYSTEMPATH\Common.php(988): CodeIgniter\Config\BaseService::__callStatic('session', [])
 7 APPPATH\Views\user\login.php(13): session()
 8 SYSTEMPATH\View\View.php(213): include('C:\\xampp\\htdocs\\kuliah\\pemrogramanweb2\\lab7_ci\\app\\Views\\user\\login.php')
 9 SYSTEMPATH\View\View.php(216): CodeIgniter\View\View->CodeIgniter\View\{closure}()
10 SYSTEMPATH\Common.php(1184): CodeIgniter\View\View->render('user/login', [], true)
11 APPPATH\Controllers\User.php(21): view('user/login')
12 SYSTEMPATH\CodeIgniter.php(934): App\Controllers\User->login()
13 SYSTEMPATH\CodeIgniter.php(499): CodeIgniter\CodeIgniter->runController(Object(App\Controllers\User))
14 SYSTEMPATH\CodeIgniter.php(368): CodeIgniter\CodeIgniter->handleRequest(null, Object(Config\Cache), false)
15 FCPATH\index.php(67): CodeIgniter\CodeIgniter->run()
16 SYSTEMPATH\Commands\Server\rewrite.php(47): require_once('C:\\xampp\\htdocs\\kuliah\\pemrogramanweb2\\lab7_ci\\public\\index.php')
CRITICAL - 2023-06-16 12:37:46 --> Uncaught Error: Class "CodeIgniter\Validation\FormatRules" not found in C:\xampp\htdocs\kuliah\pemrogramanweb2\lab7_ci\system\HTTP\RequestTrait.php:58
Stack trace:
#0 C:\xampp\htdocs\kuliah\pemrogramanweb2\lab7_ci\app\Views\errors\html\error_exception.php(211): CodeIgniter\HTTP\Request->getIPAddress()
#1 C:\xampp\htdocs\kuliah\pemrogramanweb2\lab7_ci\system\Debug\Exceptions.php(282): include('C:\\xampp\\htdocs...')
#2 C:\xampp\htdocs\kuliah\pemrogramanweb2\lab7_ci\system\Debug\Exceptions.php(285): CodeIgniter\Debug\Exceptions->CodeIgniter\Debug\{closure}()
#3 C:\xampp\htdocs\kuliah\pemrogramanweb2\lab7_ci\system\Debug\Exceptions.php(156): CodeIgniter\Debug\Exceptions->render(Object(Error), 500)
#4 [internal function]: CodeIgniter\Debug\Exceptions->exceptionHandler(Object(Error))
#5 {main}
  thrown
【Previous Exception】
Error
Class "CodeIgniter\Validation\FormatRules" not found
#0 C:\xampp\htdocs\kuliah\pemrogramanweb2\lab7_ci\system\Config\Services.php(667): CodeIgniter\HTTP\Request->getIPAddress()
#1 C:\xampp\htdocs\kuliah\pemrogramanweb2\lab7_ci\system\Config\BaseService.php(252): CodeIgniter\Config\Services::session(Object(Config\App), false)
#2 C:\xampp\htdocs\kuliah\pemrogramanweb2\lab7_ci\system\Config\BaseService.php(193): CodeIgniter\Config\BaseService::__callStatic('session', Array)
#3 C:\xampp\htdocs\kuliah\pemrogramanweb2\lab7_ci\system\Config\Services.php(641): CodeIgniter\Config\BaseService::getSharedInstance('session', NULL)
#4 C:\xampp\htdocs\kuliah\pemrogramanweb2\lab7_ci\system\Config\BaseService.php(252): CodeIgniter\Config\Services::session()
#5 C:\xampp\htdocs\kuliah\pemrogramanweb2\lab7_ci\system\Common.php(988): CodeIgniter\Config\BaseService::__callStatic('session', Array)
#6 C:\xampp\htdocs\kuliah\pemrogramanweb2\lab7_ci\app\Views\user\login.php(13): session()
#7 C:\xampp\htdocs\kuliah\pemrogramanweb2\lab7_ci\system\View\View.php(213): include('C:\\xampp\\htdocs...')
#8 C:\xampp\htdocs\kuliah\pemrogramanweb2\lab7_ci\system\View\View.php(216): CodeIgniter\View\View->CodeIgniter\View\{closure}()
#9 C:\xampp\htdocs\kuliah\pemrogramanweb2\lab7_ci\system\Common.php(1184): CodeIgniter\View\View->render('user/login', Array, true)
#10 C:\xampp\htdocs\kuliah\pemrogramanweb2\lab7_ci\app\Controllers\User.php(21): view('user/login')
#11 C:\xampp\htdocs\kuliah\pemrogramanweb2\lab7_ci\system\CodeIgniter.php(934): App\Controllers\User->login()
#12 C:\xampp\htdocs\kuliah\pemrogramanweb2\lab7_ci\system\CodeIgniter.php(499): CodeIgniter\CodeIgniter->runController(Object(App\Controllers\User))
#13 C:\xampp\htdocs\kuliah\pemrogramanweb2\lab7_ci\system\CodeIgniter.php(368): CodeIgniter\CodeIgniter->handleRequest(NULL, Object(Config\Cache), false)
#14 C:\xampp\htdocs\kuliah\pemrogramanweb2\lab7_ci\public\index.php(67): CodeIgniter\CodeIgniter->run()
#15 C:\xampp\htdocs\kuliah\pemrogramanweb2\lab7_ci\system\Commands\Server\rewrite.php(47): require_once('C:\\xampp\\htdocs...')
#16 {main}
in SYSTEMPATH\HTTP\RequestTrait.php on line 58.
 1 [internal function]: CodeIgniter\Debug\Exceptions->shutdownHandler()
